2022-06-12T11:43:20.187+0200 [DEBUG] [org.gradle.launcher.daemon.bootstrap.DaemonMain] Assuming the daemon was started with following jvm opts: [--add-opens, java.base/java.util=ALL-UNNAMED, --add-opens, java.base/java.lang=ALL-UNNAMED, --add-opens, java.base/java.lang.invoke=ALL-UNNAMED, --add-opens, java.base/java.util=ALL-UNNAMED, --add-opens, java.prefs/java.util.prefs=ALL-UNNAMED, --add-opens, java.prefs/java.util.prefs=ALL-UNNAMED, --add-opens, java.base/java.nio.charset=ALL-UNNAMED, --add-opens, java.base/java.net=ALL-UNNAMED, --add-opens, java.base/java.util.concurrent.atomic=ALL-UNNAMED, -XX:MaxMetaspaceSize=256m, -XX:+HeapDumpOnOutOfMemoryError, -Xms256m, -Xmx512m, -Dfile.encoding=UTF-8, -Duser.country=FR, -Duser.language=fr, -Duser.variant]
2022-06-12T11:43:20.354+0200 [INFO] [org.gradle.launcher.daemon.server.Daemon] start() called on daemon - DefaultDaemonContext[uid=0e8506d5-8ada-441b-8a6e-2d98c66b38d3,javaHome=/Users/amadou/Library/Java/JavaVirtualMachines/openjdk-17.0.1/Contents/Home,daemonRegistryDir=/Users/amadou/Desktop/jdk-11.0.13.jdk/daemon,pid=18187,idleTimeout=10800000,priority=NORMAL,daemonOpts=--add-opens,java.base/java.util=ALL-UNNAMED,--add-opens,java.base/java.lang=ALL-UNNAMED,--add-opens,java.base/java.lang.invoke=ALL-UNNAMED,--add-opens,java.base/java.util=ALL-UNNAMED,--add-opens,java.prefs/java.util.prefs=ALL-UNNAMED,--add-opens,java.prefs/java.util.prefs=ALL-UNNAMED,--add-opens,java.base/java.nio.charset=ALL-UNNAMED,--add-opens,java.base/java.net=ALL-UNNAMED,--add-opens,java.base/java.util.concurrent.atomic=ALL-UNNAMED,-XX:MaxMetaspaceSize=256m,-XX:+HeapDumpOnOutOfMemoryError,-Xms256m,-Xmx512m,-Dfile.encoding=UTF-8,-Duser.country=FR,-Duser.language=fr,-Duser.variant]
2022-06-12T11:43:20.413+0200 [DEBUG] [org.gradle.internal.remote.internal.inet.InetAddresses] Adding IP addresses for network interface utun4
2022-06-12T11:43:20.413+0200 [DEBUG] [org.gradle.internal.remote.internal.inet.InetAddresses] Is this a loopback interface? false
2022-06-12T11:43:20.414+0200 [DEBUG] [org.gradle.internal.remote.internal.inet.InetAddresses] Adding remote address /fe80:0:0:0:9136:9a3b:bfb8:2c32%utun4
2022-06-12T11:43:20.414+0200 [DEBUG] [org.gradle.internal.remote.internal.inet.InetAddresses] Adding IP addresses for network interface utun3
2022-06-12T11:43:20.414+0200 [DEBUG] [org.gradle.internal.remote.internal.inet.InetAddresses] Is this a loopback interface? false
2022-06-12T11:43:20.415+0200 [DEBUG] [org.gradle.internal.remote.internal.inet.InetAddresses] Adding remote address /fe80:0:0:0:ccd7:2cd1:55bc:cd81%utun3
2022-06-12T11:43:20.415+0200 [DEBUG] [org.gradle.internal.remote.internal.inet.InetAddresses] Adding IP addresses for network interface utun2
2022-06-12T11:43:20.415+0200 [DEBUG] [org.gradle.internal.remote.internal.inet.InetAddresses] Is this a loopback interface? false
2022-06-12T11:43:20.416+0200 [DEBUG] [org.gradle.internal.remote.internal.inet.InetAddresses] Adding remote address /fe80:0:0:0:ce81:b1c:bd2c:69e%utun2
2022-06-12T11:43:20.416+0200 [DEBUG] [org.gradle.internal.remote.internal.inet.InetAddresses] Adding IP addresses for network interface utun1
2022-06-12T11:43:20.416+0200 [DEBUG] [org.gradle.internal.remote.internal.inet.InetAddresses] Is this a loopback interface? false
2022-06-12T11:43:20.416+0200 [DEBUG] [org.gradle.internal.remote.internal.inet.InetAddresses] Adding remote address /fe80:0:0:0:f59d:94ab:127:9a0%utun1
2022-06-12T11:43:20.417+0200 [DEBUG] [org.gradle.internal.remote.internal.inet.InetAddresses] Adding IP addresses for network interface utun0
2022-06-12T11:43:20.417+0200 [DEBUG] [org.gradle.internal.remote.internal.inet.InetAddresses] Is this a loopback interface? false
2022-06-12T11:43:20.417+0200 [DEBUG] [org.gradle.internal.remote.internal.inet.InetAddresses] Adding remote address /fe80:0:0:0:f0:ab16:2db4:d70c%utun0
2022-06-12T11:43:20.418+0200 [DEBUG] [org.gradle.internal.remote.internal.inet.InetAddresses] Adding IP addresses for network interface llw0
2022-06-12T11:43:20.418+0200 [DEBUG] [org.gradle.internal.remote.internal.inet.InetAddresses] Is this a loopback interface? false
2022-06-12T11:43:20.418+0200 [DEBUG] [org.gradle.internal.remote.internal.inet.InetAddresses] Adding remote address /fe80:0:0:0:780a:ff:fea5:91b5%llw0
2022-06-12T11:43:20.418+0200 [DEBUG] [org.gradle.internal.remote.internal.inet.InetAddresses] Adding IP addresses for network interface awdl0
2022-06-12T11:43:20.419+0200 [DEBUG] [org.gradle.internal.remote.internal.inet.InetAddresses] Is this a loopback interface? false
2022-06-12T11:43:20.419+0200 [DEBUG] [org.gradle.internal.remote.internal.inet.InetAddresses] Adding remote address /fe80:0:0:0:780a:ff:fea5:91b5%awdl0
2022-06-12T11:43:20.419+0200 [DEBUG] [org.gradle.internal.remote.internal.inet.InetAddresses] Adding IP addresses for network interface en3
2022-06-12T11:43:20.419+0200 [DEBUG] [org.gradle.internal.remote.internal.inet.InetAddresses] Is this a loopback interface? false
2022-06-12T11:43:20.419+0200 [DEBUG] [org.gradle.internal.remote.internal.inet.InetAddresses] Adding remote address /fe80:0:0:0:aede:48ff:fe00:1122%en3
2022-06-12T11:43:20.419+0200 [DEBUG] [org.gradle.internal.remote.internal.inet.InetAddresses] Adding IP addresses for network interface en0
2022-06-12T11:43:20.420+0200 [DEBUG] [org.gradle.internal.remote.internal.inet.InetAddresses] Is this a loopback interface? false
2022-06-12T11:43:20.420+0200 [DEBUG] [org.gradle.internal.remote.internal.inet.InetAddresses] Adding remote address /2a01:cb08:8c1:6000:f1c7:fe44:7534:4f53%en0
2022-06-12T11:43:20.420+0200 [DEBUG] [org.gradle.internal.remote.internal.inet.InetAddresses] Adding remote address /2a01:cb08:8c1:6000:88f:61f6:9c4:e56d%en0
2022-06-12T11:43:20.420+0200 [DEBUG] [org.gradle.internal.remote.internal.inet.InetAddresses] Adding remote address /fe80:0:0:0:14b4:f2d2:f555:5fcc%en0
2022-06-12T11:43:20.421+0200 [DEBUG] [org.gradle.internal.remote.internal.inet.InetAddresses] Adding remote address /192.168.1.15
2022-06-12T11:43:20.421+0200 [DEBUG] [org.gradle.internal.remote.internal.inet.InetAddresses] Adding IP addresses for network interface lo0
2022-06-12T11:43:20.421+0200 [DEBUG] [org.gradle.internal.remote.internal.inet.InetAddresses] Is this a loopback interface? true
2022-06-12T11:43:20.421+0200 [DEBUG] [org.gradle.internal.remote.internal.inet.InetAddresses] Ignoring remote address on loopback interface /fe80:0:0:0:0:0:0:1%lo0
2022-06-12T11:43:20.421+0200 [DEBUG] [org.gradle.internal.remote.internal.inet.InetAddresses] Adding loopback address /0:0:0:0:0:0:0:1%lo0
2022-06-12T11:43:20.421+0200 [DEBUG] [org.gradle.internal.remote.internal.inet.InetAddresses] Adding loopback address /127.0.0.1
2022-06-12T11:43:20.427+0200 [DEBUG] [org.gradle.internal.remote.internal.inet.TcpIncomingConnector] Listening on [53827e5d-a8a7-4552-82ed-2258900ba1b3 port:50082, addresses:[localhost/127.0.0.1]].
2022-06-12T11:43:20.435+0200 [DEBUG] [org.gradle.launcher.daemon.server.Daemon] Daemon starting at: Sun Jun 12 11:43:20 CEST 2022, with address: [53827e5d-a8a7-4552-82ed-2258900ba1b3 port:50082, addresses:[localhost/127.0.0.1]]
2022-06-12T11:43:20.436+0200 [INFO] [org.gradle.launcher.daemon.server.DaemonRegistryUpdater] Advertising the daemon address to the clients: [53827e5d-a8a7-4552-82ed-2258900ba1b3 port:50082, addresses:[localhost/127.0.0.1]]
2022-06-12T11:43:20.436+0200 [DEBUG] [org.gradle.launcher.daemon.server.DaemonRegistryUpdater] Advertised daemon context: DefaultDaemonContext[uid=0e8506d5-8ada-441b-8a6e-2d98c66b38d3,javaHome=/Users/amadou/Library/Java/JavaVirtualMachines/openjdk-17.0.1/Contents/Home,daemonRegistryDir=/Users/amadou/Desktop/jdk-11.0.13.jdk/daemon,pid=18187,idleTimeout=10800000,priority=NORMAL,daemonOpts=--add-opens,java.base/java.util=ALL-UNNAMED,--add-opens,java.base/java.lang=ALL-UNNAMED,--add-opens,java.base/java.lang.invoke=ALL-UNNAMED,--add-opens,java.base/java.util=ALL-UNNAMED,--add-opens,java.prefs/java.util.prefs=ALL-UNNAMED,--add-opens,java.prefs/java.util.prefs=ALL-UNNAMED,--add-opens,java.base/java.nio.charset=ALL-UNNAMED,--add-opens,java.base/java.net=ALL-UNNAMED,--add-opens,java.base/java.util.concurrent.atomic=ALL-UNNAMED,-XX:MaxMetaspaceSize=256m,-XX:+HeapDumpOnOutOfMemoryError,-Xms256m,-Xmx512m,-Dfile.encoding=UTF-8,-Duser.country=FR,-Duser.language=fr,-Duser.variant]
2022-06-12T11:43:20.437+0200 [DEBUG] [org.gradle.launcher.daemon.registry.PersistentDaemonRegistry] Storing daemon address: [53827e5d-a8a7-4552-82ed-2258900ba1b3 port:50082, addresses:[localhost/127.0.0.1]], context: DefaultDaemonContext[uid=0e8506d5-8ada-441b-8a6e-2d98c66b38d3,javaHome=/Users/amadou/Library/Java/JavaVirtualMachines/openjdk-17.0.1/Contents/Home,daemonRegistryDir=/Users/amadou/Desktop/jdk-11.0.13.jdk/daemon,pid=18187,idleTimeout=10800000,priority=NORMAL,daemonOpts=--add-opens,java.base/java.util=ALL-UNNAMED,--add-opens,java.base/java.lang=ALL-UNNAMED,--add-opens,java.base/java.lang.invoke=ALL-UNNAMED,--add-opens,java.base/java.util=ALL-UNNAMED,--add-opens,java.prefs/java.util.prefs=ALL-UNNAMED,--add-opens,java.prefs/java.util.prefs=ALL-UNNAMED,--add-opens,java.base/java.nio.charset=ALL-UNNAMED,--add-opens,java.base/java.net=ALL-UNNAMED,--add-opens,java.base/java.util.concurrent.atomic=ALL-UNNAMED,-XX:MaxMetaspaceSize=256m,-XX:+HeapDumpOnOutOfMemoryError,-Xms256m,-Xmx512m,-Dfile.encoding=UTF-8,-Duser.country=FR,-Duser.language=fr,-Duser.variant]
2022-06-12T11:43:20.457+0200 [DEBUG] [org.gradle.cache.internal.DefaultFileLockManager] Waiting to acquire exclusive lock on daemon addresses registry.
2022-06-12T11:43:20.461+0200 [DEBUG] [org.gradle.cache.internal.DefaultFileLockManager] Lock acquired on daemon addresses registry.
2022-06-12T11:43:20.465+0200 [DEBUG] [org.gradle.cache.internal.DefaultFileLockManager] Releasing lock on daemon addresses registry.
2022-06-12T11:43:20.466+0200 [LIFECYCLE] [org.gradle.launcher.daemon.server.Daemon] Daemon server started.
2022-06-12T11:43:20.467+0200 [DEBUG] [org.gradle.launcher.daemon.bootstrap.DaemonStartupCommunication] Completed writing the daemon greeting. Closing streams...
2022-06-12T11:43:20.471+0200 [DEBUG] [org.gradle.internal.remote.internal.inet.TcpIncomingConnector] Accepted connection from /127.0.0.1:50083 to /127.0.0.1:50082.
2022-06-12T11:43:20.471+0200 [DEBUG] [org.gradle.launcher.daemon.server.Daemon] stopOnExpiration() called on daemon
2022-06-12T11:43:20.472+0200 [DEBUG] [org.gradle.launcher.daemon.server.Daemon] awaitExpiration() called on daemon
2022-06-12T11:43:20.473+0200 [DEBUG] [org.gradle.launcher.daemon.server.DaemonStateCoordinator] daemon is running. Sleeping until state changes.
2022-06-12T11:43:20.515+0200 [DEBUG] [org.gradle.launcher.daemon.server.SynchronizedDispatchConnection] thread 21: received class org.gradle.launcher.daemon.protocol.Build
2022-06-12T11:43:20.515+0200 [DEBUG] [org.gradle.launcher.daemon.server.DefaultDaemonConnection] thread 21: Received non-IO message from client: Build{id=c133fd94-a324-4862-be44-2cfc6b633aac, currentDir=/Users/amadou/Desktop/projetdevop/Wellcome-master}
2022-06-12T11:43:20.515+0200 [INFO] [org.gradle.launcher.daemon.server.DefaultIncomingConnectionHandler] Received command: Build{id=c133fd94-a324-4862-be44-2cfc6b633aac, currentDir=/Users/amadou/Desktop/projetdevop/Wellcome-master}.
2022-06-12T11:43:20.516+0200 [DEBUG] [org.gradle.launcher.daemon.server.DefaultIncomingConnectionHandler] Starting executing command: Build{id=c133fd94-a324-4862-be44-2cfc6b633aac, currentDir=/Users/amadou/Desktop/projetdevop/Wellcome-master} with connection: socket connection from /127.0.0.1:50082 to /127.0.0.1:50083.
2022-06-12T11:43:20.518+0200 [DEBUG] [org.gradle.launcher.daemon.server.DaemonStateCoordinator] Command execution: started DaemonCommandExecution[command = Build{id=c133fd94-a324-4862-be44-2cfc6b633aac, currentDir=/Users/amadou/Desktop/projetdevop/Wellcome-master}, connection = DefaultDaemonConnection: socket connection from /127.0.0.1:50082 to /127.0.0.1:50083] after 0.0 minutes of idle
2022-06-12T11:43:20.519+0200 [INFO] [org.gradle.launcher.daemon.server.DaemonRegistryUpdater] Marking the daemon as busy, address: [53827e5d-a8a7-4552-82ed-2258900ba1b3 port:50082, addresses:[localhost/127.0.0.1]]
2022-06-12T11:43:20.519+0200 [DEBUG] [org.gradle.launcher.daemon.registry.PersistentDaemonRegistry] Marking busy by address: [53827e5d-a8a7-4552-82ed-2258900ba1b3 port:50082, addresses:[localhost/127.0.0.1]]
2022-06-12T11:43:20.520+0200 [DEBUG] [org.gradle.cache.internal.DefaultFileLockManager] Waiting to acquire exclusive lock on daemon addresses registry.
2022-06-12T11:43:20.520+0200 [DEBUG] [org.gradle.cache.internal.DefaultFileLockManager] Lock acquired on daemon addresses registry.
2022-06-12T11:43:20.521+0200 [DEBUG] [org.gradle.cache.internal.DefaultFileLockManager] Releasing lock on daemon addresses registry.
2022-06-12T11:43:20.521+0200 [DEBUG] [org.gradle.launcher.daemon.server.DaemonStateCoordinator] resetting idle timer
2022-06-12T11:43:20.522+0200 [DEBUG] [org.gradle.launcher.daemon.server.DaemonStateCoordinator] daemon is running. Sleeping until state changes.
2022-06-12T11:43:20.522+0200 [INFO] [org.gradle.launcher.daemon.server.exec.StartBuildOrRespondWithBusy] Daemon is about to start building Build{id=c133fd94-a324-4862-be44-2cfc6b633aac, currentDir=/Users/amadou/Desktop/projetdevop/Wellcome-master}. Dispatching build started information...
2022-06-12T11:43:20.522+0200 [DEBUG] [org.gradle.launcher.daemon.server.SynchronizedDispatchConnection] thread 23: dispatching org.gradle.launcher.daemon.protocol.BuildStarted@f8db3c6
2022-06-12T11:43:20.525+0200 [DEBUG] [org.gradle.launcher.daemon.server.exec.EstablishBuildEnvironment] Configuring env variables: [PATH, __CFBundleIdentifier, SHELL, OLDPWD, USER, COMMAND_MODE, TMPDIR, SSH_AUTH_SOCK, DISPLAY, XPC_FLAGS, VERSIONER_PYTHON_VERSION, __CF_USER_TEXT_ENCODING, LOGNAME, LC_CTYPE, XPC_SERVICE_NAME, HOME]
2022-06-12T11:43:20.529+0200 [DEBUG] [org.gradle.launcher.daemon.server.exec.LogToClient] About to start relaying all logs to the client via the connection.
2022-06-12T11:43:20.530+0200 [INFO] [org.gradle.launcher.daemon.server.exec.LogToClient] The client will now receive all logging from the daemon (pid: 18187). The daemon log file: /Users/amadou/Desktop/jdk-11.0.13.jdk/daemon/7.3.3/daemon-18187.out.log
2022-06-12T11:43:20.531+0200 [INFO] [org.gradle.launcher.daemon.server.exec.LogAndCheckHealth] Starting build in new daemon [memory: 512 MiB]
2022-06-12T11:43:20.537+0200 [DEBUG] [org.gradle.launcher.daemon.server.exec.ExecuteBuild] The daemon has started executing the build.
2022-06-12T11:43:20.537+0200 [DEBUG] [org.gradle.launcher.daemon.server.exec.ExecuteBuild] Executing build with daemon context: DefaultDaemonContext[uid=0e8506d5-8ada-441b-8a6e-2d98c66b38d3,javaHome=/Users/amadou/Library/Java/JavaVirtualMachines/openjdk-17.0.1/Contents/Home,daemonRegistryDir=/Users/amadou/Desktop/jdk-11.0.13.jdk/daemon,pid=18187,idleTimeout=10800000,priority=NORMAL,daemonOpts=--add-opens,java.base/java.util=ALL-UNNAMED,--add-opens,java.base/java.lang=ALL-UNNAMED,--add-opens,java.base/java.lang.invoke=ALL-UNNAMED,--add-opens,java.base/java.util=ALL-UNNAMED,--add-opens,java.prefs/java.util.prefs=ALL-UNNAMED,--add-opens,java.prefs/java.util.prefs=ALL-UNNAMED,--add-opens,java.base/java.nio.charset=ALL-UNNAMED,--add-opens,java.base/java.net=ALL-UNNAMED,--add-opens,java.base/java.util.concurrent.atomic=ALL-UNNAMED,-XX:MaxMetaspaceSize=256m,-XX:+HeapDumpOnOutOfMemoryError,-Xms256m,-Xmx512m,-Dfile.encoding=UTF-8,-Duser.country=FR,-Duser.language=fr,-Duser.variant]

FAILURE: Build failed with an exception.

* Where:
Build file '/Users/amadou/Desktop/projetdevop/Wellcome-master/settings.gradle' line: 1

* What went wrong:
A problem occurred evaluating root project 'Wellcome-master'.
> Could not find method include() for arguments [:app] on root project 'Wellcome-master' of type org.gradle.api.Project.

* Try:
> Run with --stacktrace option to get the stack trace.
> Run with --info or --debug option to get more log output.
> Run with --scan to get full insights.

* Get more help at https://help.gradle.org

Deprecated Gradle features were used in this build, making it incompatible with Gradle 8.0.

You can use '--warning-mode all' to show the individual deprecation warnings and determine if they come from your own scripts or plugins.

See https://docs.gradle.org/7.3.3/userguide/command_line_interface.html#sec:command_line_warnings

BUILD FAILED in 3s
2022-06-12T11:43:22.658+0200 [DEBUG] [org.gradle.launcher.daemon.server.exec.ExecuteBuild] The daemon has finished executing the build.
2022-06-12T11:43:22.664+0200 [DEBUG] [org.gradle.launcher.daemon.server.DaemonStateCoordinator] daemon is running. Sleeping until state changes.
2022-06-12T11:43:22.664+0200 [DEBUG] [org.gradle.launcher.daemon.server.DaemonStateCoordinator] Command execution: finished waiting for DaemonCommandExecution[command = Build{id=c133fd94-a324-4862-be44-2cfc6b633aac, currentDir=/Users/amadou/Desktop/projetdevop/Wellcome-master}, connection = DefaultDaemonConnection: socket connection from /127.0.0.1:50082 to /127.0.0.1:50083]. Result org.gradle.launcher.daemon.server.DaemonStateCoordinator@961af7f with state Busy
2022-06-12T11:43:22.665+0200 [DEBUG] [org.gradle.launcher.daemon.server.DaemonStateCoordinator] Command execution: completed DaemonCommandExecution[command = Build{id=c133fd94-a324-4862-be44-2cfc6b633aac, currentDir=/Users/amadou/Desktop/projetdevop/Wellcome-master}, connection = DefaultDaemonConnection: socket connection from /127.0.0.1:50082 to /127.0.0.1:50083]
2022-06-12T11:43:22.665+0200 [DEBUG] [org.gradle.launcher.daemon.server.DaemonStateCoordinator] resetting idle timer
2022-06-12T11:43:22.665+0200 [INFO] [org.gradle.launcher.daemon.server.DaemonRegistryUpdater] Marking the daemon as idle, address: [53827e5d-a8a7-4552-82ed-2258900ba1b3 port:50082, addresses:[localhost/127.0.0.1]]
2022-06-12T11:43:22.665+0200 [DEBUG] [org.gradle.launcher.daemon.registry.PersistentDaemonRegistry] Marking busy by address: [53827e5d-a8a7-4552-82ed-2258900ba1b3 port:50082, addresses:[localhost/127.0.0.1]]
2022-06-12T11:43:22.666+0200 [DEBUG] [org.gradle.cache.internal.DefaultFileLockManager] Waiting to acquire exclusive lock on daemon addresses registry.
2022-06-12T11:43:22.666+0200 [DEBUG] [org.gradle.cache.internal.DefaultFileLockManager] Lock acquired on daemon addresses registry.
2022-06-12T11:43:22.667+0200 [DEBUG] [org.gradle.cache.internal.DefaultFileLockManager] Releasing lock on daemon addresses registry.
2022-06-12T11:43:22.667+0200 [DEBUG] [org.gradle.launcher.daemon.server.DaemonStateCoordinator] daemon is running. Sleeping until state changes.
2022-06-12T11:43:22.667+0200 [DEBUG] [org.gradle.launcher.daemon.server.exec.ReturnResult] Daemon is dispatching the build result: Success[value=org.gradle.launcher.exec.BuildActionResult@63f6e0f9]
2022-06-12T11:43:22.668+0200 [DEBUG] [org.gradle.launcher.daemon.server.SynchronizedDispatchConnection] thread 20: dispatching Success[value=org.gradle.launcher.exec.BuildActionResult@63f6e0f9]
2022-06-12T11:43:22.676+0200 [DEBUG] [org.gradle.launcher.daemon.server.DefaultIncomingConnectionHandler] Finishing executing command: Build{id=c133fd94-a324-4862-be44-2cfc6b633aac, currentDir=/Users/amadou/Desktop/projetdevop/Wellcome-master}
2022-06-12T11:43:22.687+0200 [DEBUG] [org.gradle.launcher.daemon.server.SynchronizedDispatchConnection] thread 21: received class org.gradle.launcher.daemon.protocol.CloseInput
2022-06-12T11:43:22.687+0200 [DEBUG] [org.gradle.launcher.daemon.server.DefaultDaemonConnection] thread 21: Received IO message from client: org.gradle.launcher.daemon.protocol.CloseInput@1202a8bb
2022-06-12T11:43:22.687+0200 [DEBUG] [org.gradle.launcher.daemon.server.SynchronizedDispatchConnection] thread 21: received class org.gradle.launcher.daemon.protocol.Finished
2022-06-12T11:43:22.687+0200 [DEBUG] [org.gradle.launcher.daemon.server.DefaultDaemonConnection] thread 21: Received non-IO message from client: org.gradle.launcher.daemon.protocol.Finished@42c36240
2022-06-12T11:43:22.688+0200 [DEBUG] [org.gradle.launcher.daemon.server.DefaultIncomingConnectionHandler] Received finished message: org.gradle.launcher.daemon.protocol.Finished@42c36240
2022-06-12T11:43:22.688+0200 [DEBUG] [org.gradle.launcher.daemon.server.SynchronizedDispatchConnection] thread 20: stopping connection
2022-06-12T11:43:22.688+0200 [DEBUG] [org.gradle.internal.remote.internal.inet.SocketConnection] Discarding EOFException: java.io.EOFException
2022-06-12T11:43:22.688+0200 [DEBUG] [org.gradle.launcher.daemon.server.SynchronizedDispatchConnection] thread 21: received null
2022-06-12T11:43:22.689+0200 [DEBUG] [org.gradle.launcher.daemon.server.DefaultDaemonConnection] thread 21: Received end-of-input from client.
2022-06-12T11:43:22.690+0200 [DEBUG] [org.gradle.launcher.daemon.server.SynchronizedDispatchConnection] thread 20: stopping connection
2022-06-12T11:43:30.476+0200 [DEBUG] [org.gradle.cache.internal.DefaultFileLockManager] Waiting to acquire shared lock on daemon addresses registry.
2022-06-12T11:43:30.478+0200 [DEBUG] [org.gradle.cache.internal.DefaultFileLockManager] Lock acquired on daemon addresses registry.
2022-06-12T11:43:30.478+0200 [DEBUG] [org.gradle.cache.internal.DefaultFileLockManager] Releasing lock on daemon addresses registry.
2022-06-12T11:43:30.479+0200 [DEBUG] [org.gradle.cache.internal.DefaultFileLockManager] Waiting to acquire shared lock on daemon addresses registry.
2022-06-12T11:43:30.479+0200 [DEBUG] [org.gradle.cache.internal.DefaultFileLockManager] Lock acquired on daemon addresses registry.
2022-06-12T11:43:30.479+0200 [DEBUG] [org.gradle.cache.internal.DefaultFileLockManager] Releasing lock on daemon addresses registry.
2022-06-12T11:43:40.475+0200 [DEBUG] [org.gradle.cache.internal.DefaultFileLockManager] Waiting to acquire shared lock on daemon addresses registry.
2022-06-12T11:43:40.476+0200 [DEBUG] [org.gradle.cache.internal.DefaultFileLockManager] Lock acquired on daemon addresses registry.
2022-06-12T11:43:40.476+0200 [DEBUG] [org.gradle.cache.internal.DefaultFileLockManager] Releasing lock on daemon addresses registry.
2022-06-12T11:43:40.476+0200 [DEBUG] [org.gradle.cache.internal.DefaultFileLockManager] Waiting to acquire shared lock on daemon addresses registry.
2022-06-12T11:43:40.477+0200 [DEBUG] [org.gradle.cache.internal.DefaultFileLockManager] Lock acquired on daemon addresses registry.
2022-06-12T11:43:40.477+0200 [DEBUG] [org.gradle.cache.internal.DefaultFileLockManager] Releasing lock on daemon addresses registry.
2022-06-12T11:43:40.477+0200 [DEBUG] [org.gradle.cache.internal.DefaultFileLockManager] Waiting to acquire shared lock on daemon addresses registry.
2022-06-12T11:43:40.477+0200 [DEBUG] [org.gradle.cache.internal.DefaultFileLockManager] Lock acquired on daemon addresses registry.
2022-06-12T11:43:40.478+0200 [DEBUG] [org.gradle.cache.internal.DefaultFileLockManager] Releasing lock on daemon addresses registry.
2022-06-12T11:43:47.000+0200 [DEBUG] [org.gradle.internal.remote.internal.inet.TcpIncomingConnector] Accepted connection from /127.0.0.1:50085 to /127.0.0.1:50082.
2022-06-12T11:43:47.002+0200 [DEBUG] [org.gradle.launcher.daemon.server.SynchronizedDispatchConnection] thread 46: received class org.gradle.launcher.daemon.protocol.Build
2022-06-12T11:43:47.002+0200 [DEBUG] [org.gradle.launcher.daemon.server.DefaultDaemonConnection] thread 46: Received non-IO message from client: Build{id=1c037e82-9573-4b6a-bd4d-74e9db692d3d, currentDir=/Users/amadou/Desktop/projetdevop/Wellcome-master}
2022-06-12T11:43:47.002+0200 [INFO] [org.gradle.launcher.daemon.server.DefaultIncomingConnectionHandler] Received command: Build{id=1c037e82-9573-4b6a-bd4d-74e9db692d3d, currentDir=/Users/amadou/Desktop/projetdevop/Wellcome-master}.
2022-06-12T11:43:47.002+0200 [DEBUG] [org.gradle.launcher.daemon.server.DefaultIncomingConnectionHandler] Starting executing command: Build{id=1c037e82-9573-4b6a-bd4d-74e9db692d3d, currentDir=/Users/amadou/Desktop/projetdevop/Wellcome-master} with connection: socket connection from /127.0.0.1:50082 to /127.0.0.1:50085.
2022-06-12T11:43:47.003+0200 [DEBUG] [org.gradle.launcher.daemon.server.DaemonStateCoordinator] Command execution: started DaemonCommandExecution[command = Build{id=1c037e82-9573-4b6a-bd4d-74e9db692d3d, currentDir=/Users/amadou/Desktop/projetdevop/Wellcome-master}, connection = DefaultDaemonConnection: socket connection from /127.0.0.1:50082 to /127.0.0.1:50085] after 0.0 minutes of idle
2022-06-12T11:43:47.003+0200 [INFO] [org.gradle.launcher.daemon.server.DaemonRegistryUpdater] Marking the daemon as busy, address: [53827e5d-a8a7-4552-82ed-2258900ba1b3 port:50082, addresses:[localhost/127.0.0.1]]
2022-06-12T11:43:47.003+0200 [DEBUG] [org.gradle.launcher.daemon.registry.PersistentDaemonRegistry] Marking busy by address: [53827e5d-a8a7-4552-82ed-2258900ba1b3 port:50082, addresses:[localhost/127.0.0.1]]
2022-06-12T11:43:47.004+0200 [DEBUG] [org.gradle.cache.internal.DefaultFileLockManager] Waiting to acquire exclusive lock on daemon addresses registry.
2022-06-12T11:43:47.004+0200 [DEBUG] [org.gradle.cache.internal.DefaultFileLockManager] Lock acquired on daemon addresses registry.
2022-06-12T11:43:47.005+0200 [DEBUG] [org.gradle.cache.internal.DefaultFileLockManager] Releasing lock on daemon addresses registry.
2022-06-12T11:43:47.005+0200 [DEBUG] [org.gradle.launcher.daemon.server.DaemonStateCoordinator] resetting idle timer
2022-06-12T11:43:47.005+0200 [DEBUG] [org.gradle.launcher.daemon.server.DaemonStateCoordinator] daemon is running. Sleeping until state changes.
2022-06-12T11:43:47.006+0200 [INFO] [org.gradle.launcher.daemon.server.exec.StartBuildOrRespondWithBusy] Daemon is about to start building Build{id=1c037e82-9573-4b6a-bd4d-74e9db692d3d, currentDir=/Users/amadou/Desktop/projetdevop/Wellcome-master}. Dispatching build started information...
2022-06-12T11:43:47.006+0200 [DEBUG] [org.gradle.launcher.daemon.server.SynchronizedDispatchConnection] thread 23: dispatching org.gradle.launcher.daemon.protocol.BuildStarted@2de3e145
2022-06-12T11:43:47.006+0200 [DEBUG] [org.gradle.launcher.daemon.server.exec.EstablishBuildEnvironment] Configuring env variables: [PATH, __CFBundleIdentifier, SHELL, OLDPWD, USER, COMMAND_MODE, TMPDIR, SSH_AUTH_SOCK, DISPLAY, XPC_FLAGS, VERSIONER_PYTHON_VERSION, __CF_USER_TEXT_ENCODING, LOGNAME, LC_CTYPE, XPC_SERVICE_NAME, HOME]
2022-06-12T11:43:47.007+0200 [DEBUG] [org.gradle.launcher.daemon.server.exec.LogToClient] About to start relaying all logs to the client via the connection.
2022-06-12T11:43:47.008+0200 [INFO] [org.gradle.launcher.daemon.server.exec.LogToClient] The client will now receive all logging from the daemon (pid: 18187). The daemon log file: /Users/amadou/Desktop/jdk-11.0.13.jdk/daemon/7.3.3/daemon-18187.out.log
2022-06-12T11:43:47.009+0200 [INFO] [org.gradle.launcher.daemon.server.exec.LogAndCheckHealth] Starting 2nd build in daemon [uptime: 26.771 secs, performance: 100%, non-heap usage: 13% of 256 MiB]
2022-06-12T11:43:47.009+0200 [DEBUG] [org.gradle.launcher.daemon.server.exec.ExecuteBuild] The daemon has started executing the build.
2022-06-12T11:43:47.009+0200 [DEBUG] [org.gradle.launcher.daemon.server.exec.ExecuteBuild] Executing build with daemon context: DefaultDaemonContext[uid=0e8506d5-8ada-441b-8a6e-2d98c66b38d3,javaHome=/Users/amadou/Library/Java/JavaVirtualMachines/openjdk-17.0.1/Contents/Home,daemonRegistryDir=/Users/amadou/Desktop/jdk-11.0.13.jdk/daemon,pid=18187,idleTimeout=10800000,priority=NORMAL,daemonOpts=--add-opens,java.base/java.util=ALL-UNNAMED,--add-opens,java.base/java.lang=ALL-UNNAMED,--add-opens,java.base/java.lang.invoke=ALL-UNNAMED,--add-opens,java.base/java.util=ALL-UNNAMED,--add-opens,java.prefs/java.util.prefs=ALL-UNNAMED,--add-opens,java.prefs/java.util.prefs=ALL-UNNAMED,--add-opens,java.base/java.nio.charset=ALL-UNNAMED,--add-opens,java.base/java.net=ALL-UNNAMED,--add-opens,java.base/java.util.concurrent.atomic=ALL-UNNAMED,-XX:MaxMetaspaceSize=256m,-XX:+HeapDumpOnOutOfMemoryError,-Xms256m,-Xmx512m,-Dfile.encoding=UTF-8,-Duser.country=FR,-Duser.language=fr,-Duser.variant]

FAILURE: Build failed with an exception.

* Where:
Build file '/Users/amadou/Desktop/projetdevop/Wellcome-master/settings.gradle' line: 1

* What went wrong:
A problem occurred evaluating root project 'Wellcome-master'.
> Could not find method include() for arguments [:app] on root project 'Wellcome-master' of type org.gradle.api.Project.

* Try:
> Run with --stacktrace option to get the stack trace.
> Run with --info or --debug option to get more log output.
> Run with --scan to get full insights.

* Get more help at https://help.gradle.org

Deprecated Gradle features were used in this build, making it incompatible with Gradle 8.0.

You can use '--warning-mode all' to show the individual deprecation warnings and determine if they come from your own scripts or plugins.

See https://docs.gradle.org/7.3.3/userguide/command_line_interface.html#sec:command_line_warnings

BUILD FAILED in 119ms
2022-06-12T11:43:47.130+0200 [DEBUG] [org.gradle.launcher.daemon.server.exec.ExecuteBuild] The daemon has finished executing the build.
2022-06-12T11:43:47.139+0200 [DEBUG] [org.gradle.launcher.daemon.server.DaemonStateCoordinator] daemon is running. Sleeping until state changes.
2022-06-12T11:43:47.139+0200 [DEBUG] [org.gradle.launcher.daemon.server.DaemonStateCoordinator] Command execution: finished waiting for DaemonCommandExecution[command = Build{id=1c037e82-9573-4b6a-bd4d-74e9db692d3d, currentDir=/Users/amadou/Desktop/projetdevop/Wellcome-master}, connection = DefaultDaemonConnection: socket connection from /127.0.0.1:50082 to /127.0.0.1:50085]. Result org.gradle.launcher.daemon.server.DaemonStateCoordinator@961af7f with state Busy
2022-06-12T11:43:47.139+0200 [DEBUG] [org.gradle.launcher.daemon.server.DaemonStateCoordinator] Command execution: completed DaemonCommandExecution[command = Build{id=1c037e82-9573-4b6a-bd4d-74e9db692d3d, currentDir=/Users/amadou/Desktop/projetdevop/Wellcome-master}, connection = DefaultDaemonConnection: socket connection from /127.0.0.1:50082 to /127.0.0.1:50085]
2022-06-12T11:43:47.139+0200 [DEBUG] [org.gradle.launcher.daemon.server.DaemonStateCoordinator] resetting idle timer
2022-06-12T11:43:47.139+0200 [INFO] [org.gradle.launcher.daemon.server.DaemonRegistryUpdater] Marking the daemon as idle, address: [53827e5d-a8a7-4552-82ed-2258900ba1b3 port:50082, addresses:[localhost/127.0.0.1]]
2022-06-12T11:43:47.139+0200 [DEBUG] [org.gradle.launcher.daemon.registry.PersistentDaemonRegistry] Marking busy by address: [53827e5d-a8a7-4552-82ed-2258900ba1b3 port:50082, addresses:[localhost/127.0.0.1]]
2022-06-12T11:43:47.140+0200 [DEBUG] [org.gradle.cache.internal.DefaultFileLockManager] Waiting to acquire exclusive lock on daemon addresses registry.
2022-06-12T11:43:47.141+0200 [DEBUG] [org.gradle.cache.internal.DefaultFileLockManager] Lock acquired on daemon addresses registry.
2022-06-12T11:43:47.142+0200 [DEBUG] [org.gradle.cache.internal.DefaultFileLockManager] Releasing lock on daemon addresses registry.
2022-06-12T11:43:47.142+0200 [DEBUG] [org.gradle.launcher.daemon.server.DaemonStateCoordinator] daemon is running. Sleeping until state changes.
2022-06-12T11:43:47.142+0200 [DEBUG] [org.gradle.launcher.daemon.server.exec.ReturnResult] Daemon is dispatching the build result: Success[value=org.gradle.launcher.exec.BuildActionResult@57cd4637]
2022-06-12T11:43:47.143+0200 [DEBUG] [org.gradle.launcher.daemon.server.SynchronizedDispatchConnection] thread 20: dispatching Success[value=org.gradle.launcher.exec.BuildActionResult@57cd4637]
2022-06-12T11:43:47.146+0200 [DEBUG] [org.gradle.launcher.daemon.server.DefaultIncomingConnectionHandler] Finishing executing command: Build{id=1c037e82-9573-4b6a-bd4d-74e9db692d3d, currentDir=/Users/amadou/Desktop/projetdevop/Wellcome-master}
2022-06-12T11:43:47.157+0200 [DEBUG] [org.gradle.launcher.daemon.server.SynchronizedDispatchConnection] thread 46: received class org.gradle.launcher.daemon.protocol.CloseInput
2022-06-12T11:43:47.157+0200 [DEBUG] [org.gradle.launcher.daemon.server.DefaultDaemonConnection] thread 46: Received IO message from client: org.gradle.launcher.daemon.protocol.CloseInput@6ad9d78
2022-06-12T11:43:47.158+0200 [DEBUG] [org.gradle.launcher.daemon.server.SynchronizedDispatchConnection] thread 46: received class org.gradle.launcher.daemon.protocol.Finished
2022-06-12T11:43:47.158+0200 [DEBUG] [org.gradle.launcher.daemon.server.DefaultDaemonConnection] thread 46: Received non-IO message from client: org.gradle.launcher.daemon.protocol.Finished@86a63dd
2022-06-12T11:43:47.158+0200 [DEBUG] [org.gradle.launcher.daemon.server.DefaultIncomingConnectionHandler] Received finished message: org.gradle.launcher.daemon.protocol.Finished@86a63dd
2022-06-12T11:43:47.158+0200 [DEBUG] [org.gradle.internal.remote.internal.inet.SocketConnection] Discarding EOFException: java.io.EOFException
2022-06-12T11:43:47.159+0200 [DEBUG] [org.gradle.launcher.daemon.server.SynchronizedDispatchConnection] thread 46: received null
2022-06-12T11:43:47.159+0200 [DEBUG] [org.gradle.launcher.daemon.server.SynchronizedDispatchConnection] thread 20: stopping connection
2022-06-12T11:43:47.159+0200 [DEBUG] [org.gradle.launcher.daemon.server.DefaultDaemonConnection] thread 46: Received end-of-input from client.
2022-06-12T11:43:47.160+0200 [DEBUG] [org.gradle.launcher.daemon.server.SynchronizedDispatchConnection] thread 20: stopping connection
2022-06-12T11:43:50.475+0200 [DEBUG] [org.gradle.cache.internal.DefaultFileLockManager] Waiting to acquire shared lock on daemon addresses registry.
2022-06-12T11:43:50.476+0200 [DEBUG] [org.gradle.cache.internal.DefaultFileLockManager] Lock acquired on daemon addresses registry.
2022-06-12T11:43:50.477+0200 [DEBUG] [org.gradle.cache.internal.DefaultFileLockManager] Releasing lock on daemon addresses registry.
2022-06-12T11:43:50.478+0200 [DEBUG] [org.gradle.cache.internal.DefaultFileLockManager] Waiting to acquire shared lock on daemon addresses registry.
2022-06-12T11:43:50.478+0200 [DEBUG] [org.gradle.cache.internal.DefaultFileLockManager] Lock acquired on daemon addresses registry.
2022-06-12T11:43:50.479+0200 [DEBUG] [org.gradle.cache.internal.DefaultFileLockManager] Releasing lock on daemon addresses registry.
2022-06-12T11:44:00.474+0200 [DEBUG] [org.gradle.cache.internal.DefaultFileLockManager] Waiting to acquire shared lock on daemon addresses registry.
2022-06-12T11:44:00.474+0200 [DEBUG] [org.gradle.cache.internal.DefaultFileLockManager] Lock acquired on daemon addresses registry.
2022-06-12T11:44:00.475+0200 [DEBUG] [org.gradle.cache.internal.DefaultFileLockManager] Releasing lock on daemon addresses registry.
2022-06-12T11:44:00.476+0200 [DEBUG] [org.gradle.cache.internal.DefaultFileLockManager] Waiting to acquire shared lock on daemon addresses registry.
2022-06-12T11:44:00.477+0200 [DEBUG] [org.gradle.cache.internal.DefaultFileLockManager] Lock acquired on daemon addresses registry.
2022-06-12T11:44:00.477+0200 [DEBUG] [org.gradle.cache.internal.DefaultFileLockManager] Releasing lock on daemon addresses registry.
2022-06-12T11:44:00.478+0200 [DEBUG] [org.gradle.cache.internal.DefaultFileLockManager] Waiting to acquire shared lock on daemon addresses registry.
2022-06-12T11:44:00.478+0200 [DEBUG] [org.gradle.cache.internal.DefaultFileLockManager] Lock acquired on daemon addresses registry.
2022-06-12T11:44:00.479+0200 [DEBUG] [org.gradle.cache.internal.DefaultFileLockManager] Releasing lock on daemon addresses registry.
2022-06-12T11:44:10.474+0200 [DEBUG] [org.gradle.cache.internal.DefaultFileLockManager] Waiting to acquire shared lock on daemon addresses registry.
2022-06-12T11:44:10.474+0200 [DEBUG] [org.gradle.cache.internal.DefaultFileLockManager] Lock acquired on daemon addresses registry.
2022-06-12T11:44:10.475+0200 [DEBUG] [org.gradle.cache.internal.DefaultFileLockManager] Releasing lock on daemon addresses registry.
2022-06-12T11:44:10.476+0200 [DEBUG] [org.gradle.cache.internal.DefaultFileLockManager] Waiting to acquire shared lock on daemon addresses registry.
2022-06-12T11:44:10.476+0200 [DEBUG] [org.gradle.cache.internal.DefaultFileLockManager] Lock acquired on daemon addresses registry.
2022-06-12T11:44:10.477+0200 [DEBUG] [org.gradle.cache.internal.DefaultFileLockManager] Releasing lock on daemon addresses registry.
2022-06-12T11:44:10.477+0200 [DEBUG] [org.gradle.cache.internal.DefaultFileLockManager] Waiting to acquire shared lock on daemon addresses registry.
2022-06-12T11:44:10.477+0200 [DEBUG] [org.gradle.cache.internal.DefaultFileLockManager] Lock acquired on daemon addresses registry.
2022-06-12T11:44:10.478+0200 [DEBUG] [org.gradle.cache.internal.DefaultFileLockManager] Releasing lock on daemon addresses registry.
2022-06-12T11:44:20.478+0200 [DEBUG] [org.gradle.cache.internal.DefaultFileLockManager] Waiting to acquire shared lock on daemon addresses registry.
2022-06-12T11:44:20.479+0200 [DEBUG] [org.gradle.cache.internal.DefaultFileLockManager] Lock acquired on daemon addresses registry.
2022-06-12T11:44:20.480+0200 [DEBUG] [org.gradle.cache.internal.DefaultFileLockManager] Releasing lock on daemon addresses registry.
2022-06-12T11:44:20.481+0200 [DEBUG] [org.gradle.cache.internal.DefaultFileLockManager] Waiting to acquire shared lock on daemon addresses registry.
2022-06-12T11:44:20.481+0200 [DEBUG] [org.gradle.cache.internal.DefaultFileLockManager] Lock acquired on daemon addresses registry.
2022-06-12T11:44:20.481+0200 [DEBUG] [org.gradle.cache.internal.DefaultFileLockManager] Releasing lock on daemon addresses registry.
2022-06-12T11:44:20.482+0200 [DEBUG] [org.gradle.cache.internal.DefaultFileLockManager] Waiting to acquire shared lock on daemon addresses registry.
2022-06-12T11:44:20.482+0200 [DEBUG] [org.gradle.cache.internal.DefaultFileLockManager] Lock acquired on daemon addresses registry.
2022-06-12T11:44:20.483+0200 [DEBUG] [org.gradle.cache.internal.DefaultFileLockManager] Releasing lock on daemon addresses registry.
2022-06-12T11:44:30.477+0200 [DEBUG] [org.gradle.cache.internal.DefaultFileLockManager] Waiting to acquire shared lock on daemon addresses registry.
2022-06-12T11:44:30.478+0200 [DEBUG] [org.gradle.cache.internal.DefaultFileLockManager] Lock acquired on daemon addresses registry.
2022-06-12T11:44:30.479+0200 [DEBUG] [org.gradle.cache.internal.DefaultFileLockManager] Releasing lock on daemon addresses registry.
2022-06-12T11:44:30.480+0200 [DEBUG] [org.gradle.cache.internal.DefaultFileLockManager] Waiting to acquire shared lock on daemon addresses registry.
2022-06-12T11:44:30.481+0200 [DEBUG] [org.gradle.cache.internal.DefaultFileLockManager] Lock acquired on daemon addresses registry.
2022-06-12T11:44:30.482+0200 [DEBUG] [org.gradle.cache.internal.DefaultFileLockManager] Releasing lock on daemon addresses registry.
2022-06-12T11:44:30.482+0200 [DEBUG] [org.gradle.cache.internal.DefaultFileLockManager] Waiting to acquire shared lock on daemon addresses registry.
2022-06-12T11:44:30.482+0200 [DEBUG] [org.gradle.cache.internal.DefaultFileLockManager] Lock acquired on daemon addresses registry.
2022-06-12T11:44:30.483+0200 [DEBUG] [org.gradle.cache.internal.DefaultFileLockManager] Releasing lock on daemon addresses registry.
2022-06-12T11:44:40.477+0200 [DEBUG] [org.gradle.cache.internal.DefaultFileLockManager] Waiting to acquire shared lock on daemon addresses registry.
2022-06-12T11:44:40.478+0200 [DEBUG] [org.gradle.cache.internal.DefaultFileLockManager] Lock acquired on daemon addresses registry.
2022-06-12T11:44:40.478+0200 [DEBUG] [org.gradle.cache.internal.DefaultFileLockManager] Releasing lock on daemon addresses registry.
2022-06-12T11:44:40.478+0200 [DEBUG] [org.gradle.cache.internal.DefaultFileLockManager] Waiting to acquire shared lock on daemon addresses registry.
2022-06-12T11:44:40.479+0200 [DEBUG] [org.gradle.cache.internal.DefaultFileLockManager] Lock acquired on daemon addresses registry.
2022-06-12T11:44:40.479+0200 [DEBUG] [org.gradle.cache.internal.DefaultFileLockManager] Releasing lock on daemon addresses registry.
2022-06-12T11:44:40.479+0200 [DEBUG] [org.gradle.cache.internal.DefaultFileLockManager] Waiting to acquire shared lock on daemon addresses registry.
2022-06-12T11:44:40.479+0200 [DEBUG] [org.gradle.cache.internal.DefaultFileLockManager] Lock acquired on daemon addresses registry.
2022-06-12T11:44:40.480+0200 [DEBUG] [org.gradle.cache.internal.DefaultFileLockManager] Releasing lock on daemon addresses registry.
2022-06-12T11:44:50.476+0200 [DEBUG] [org.gradle.cache.internal.DefaultFileLockManager] Waiting to acquire shared lock on daemon addresses registry.
2022-06-12T11:44:50.476+0200 [DEBUG] [org.gradle.cache.internal.DefaultFileLockManager] Lock acquired on daemon addresses registry.
2022-06-12T11:44:50.476+0200 [DEBUG] [org.gradle.cache.internal.DefaultFileLockManager] Releasing lock on daemon addresses registry.
2022-06-12T11:44:50.477+0200 [DEBUG] [org.gradle.cache.internal.DefaultFileLockManager] Waiting to acquire shared lock on daemon addresses registry.
2022-06-12T11:44:50.477+0200 [DEBUG] [org.gradle.cache.internal.DefaultFileLockManager] Lock acquired on daemon addresses registry.
2022-06-12T11:44:50.477+0200 [DEBUG] [org.gradle.cache.internal.DefaultFileLockManager] Releasing lock on daemon addresses registry.
2022-06-12T11:44:50.477+0200 [DEBUG] [org.gradle.cache.internal.DefaultFileLockManager] Waiting to acquire shared lock on daemon addresses registry.
2022-06-12T11:44:50.477+0200 [DEBUG] [org.gradle.cache.internal.DefaultFileLockManager] Lock acquired on daemon addresses registry.
2022-06-12T11:44:50.478+0200 [DEBUG] [org.gradle.cache.internal.DefaultFileLockManager] Releasing lock on daemon addresses registry.
2022-06-12T11:45:00.477+0200 [DEBUG] [org.gradle.cache.internal.DefaultFileLockManager] Waiting to acquire shared lock on daemon addresses registry.
2022-06-12T11:45:00.477+0200 [DEBUG] [org.gradle.cache.internal.DefaultFileLockManager] Lock acquired on daemon addresses registry.
2022-06-12T11:45:00.477+0200 [DEBUG] [org.gradle.cache.internal.DefaultFileLockManager] Releasing lock on daemon addresses registry.
2022-06-12T11:45:00.478+0200 [DEBUG] [org.gradle.cache.internal.DefaultFileLockManager] Waiting to acquire shared lock on daemon addresses registry.
2022-06-12T11:45:00.478+0200 [DEBUG] [org.gradle.cache.internal.DefaultFileLockManager] Lock acquired on daemon addresses registry.
2022-06-12T11:45:00.478+0200 [DEBUG] [org.gradle.cache.internal.DefaultFileLockManager] Releasing lock on daemon addresses registry.
2022-06-12T11:45:00.479+0200 [DEBUG] [org.gradle.cache.internal.DefaultFileLockManager] Waiting to acquire shared lock on daemon addresses registry.
2022-06-12T11:45:00.479+0200 [DEBUG] [org.gradle.cache.internal.DefaultFileLockManager] Lock acquired on daemon addresses registry.
2022-06-12T11:45:00.479+0200 [DEBUG] [org.gradle.cache.internal.DefaultFileLockManager] Releasing lock on daemon addresses registry.
2022-06-12T11:45:10.479+0200 [DEBUG] [org.gradle.cache.internal.DefaultFileLockManager] Waiting to acquire shared lock on daemon addresses registry.
2022-06-12T11:45:10.479+0200 [DEBUG] [org.gradle.cache.internal.DefaultFileLockManager] Lock acquired on daemon addresses registry.
2022-06-12T11:45:10.479+0200 [DEBUG] [org.gradle.cache.internal.DefaultFileLockManager] Releasing lock on daemon addresses registry.
2022-06-12T11:45:10.479+0200 [DEBUG] [org.gradle.cache.internal.DefaultFileLockManager] Waiting to acquire shared lock on daemon addresses registry.
2022-06-12T11:45:10.480+0200 [DEBUG] [org.gradle.cache.internal.DefaultFileLockManager] Lock acquired on daemon addresses registry.
2022-06-12T11:45:10.480+0200 [DEBUG] [org.gradle.cache.internal.DefaultFileLockManager] Releasing lock on daemon addresses registry.
2022-06-12T11:45:10.480+0200 [DEBUG] [org.gradle.cache.internal.DefaultFileLockManager] Waiting to acquire shared lock on daemon addresses registry.
2022-06-12T11:45:10.480+0200 [DEBUG] [org.gradle.cache.internal.DefaultFileLockManager] Lock acquired on daemon addresses registry.
2022-06-12T11:45:10.481+0200 [DEBUG] [org.gradle.cache.internal.DefaultFileLockManager] Releasing lock on daemon addresses registry.
